f:\learn\project\design-pattern-project\myfile\myfile\x64\debug\vc120.pdb
f:\learn\project\design-pattern-project\myfile\myfile\x64\debug\myfile.obj
f:\learn\project\design-pattern-project\myfile\myfile\x64\debug\main.obj
f:\learn\project\design-pattern-project\myfile\myfile\x64\debug\moc_myfile.obj
f:\learn\project\design-pattern-project\myfile\myfile\x64\debug\qrc_myfile.obj
f:\learn\project\design-pattern-project\myfile\myfile\generatedfiles\debug\moc_myfile.cpp
f:\learn\project\design-pattern-project\myfile\myfile\generatedfiles\ui_myfile.h
f:\learn\project\design-pattern-project\myfile\myfile\generatedfiles\qrc_myfile.cpp
f:\learn\project\design-pattern-project\myfile\x64\debug\myfile.ilk
f:\learn\project\design-pattern-project\myfile\x64\debug\myfile.exe
f:\learn\project\design-pattern-project\myfile\x64\debug\myfile.pdb
f:\learn\project\design-pattern-project\myfile\myfile\x64\debug\myfile.tlog\cl.command.1.tlog
f:\learn\project\design-pattern-project\myfile\myfile\x64\debug\myfile.tlog\cl.read.1.tlog
f:\learn\project\design-pattern-project\myfile\myfile\x64\debug\myfile.tlog\cl.write.1.tlog
f:\learn\project\design-pattern-project\myfile\myfile\x64\debug\myfile.tlog\custombuild.command.1.tlog
f:\learn\project\design-pattern-project\myfile\myfile\x64\debug\myfile.tlog\custombuild.read.1.tlog
f:\learn\project\design-pattern-project\myfile\myfile\x64\debug\myfile.tlog\custombuild.write.1.tlog
f:\learn\project\design-pattern-project\myfile\myfile\x64\debug\myfile.tlog\link.command.1.tlog
f:\learn\project\design-pattern-project\myfile\myfile\x64\debug\myfile.tlog\link.read.1.tlog
f:\learn\project\design-pattern-project\myfile\myfile\x64\debug\myfile.tlog\link.write.1.tlog
